DEBUG main java_log.Log4jTest - 调试信息
INFO main java_log.Log4jTest - 输出信息
WARN main java_log.Log4jTest - 警告信息
ERROR main java_log.Log4jTest - 错误信息
FATAL main java_log.Log4jTest - 致命信息
DEBUG main java_log.Log4jTest - 调试信息
INFO main java_log.Log4jTest - 输出信息
WARN main java_log.Log4jTest - 警告信息
ERROR main java_log.Log4jTest - 错误信息
FATAL main java_log.Log4jTest - 致命信息
DEBUG main java_log.Log4jTest - 调试信息
INFO main java_log.Log4jTest - 输出信息
WARN main java_log.Log4jTest - 警告信息
ERROR main java_log.Log4jTest - 错误信息
FATAL main java_log.Log4jTest - 致命信息
DEBUG main java_log.Log4jTest - 调试信息
INFO main java_log.Log4jTest - 输出信息
WARN main java_log.Log4jTest - 警告信息
ERROR main java_log.Log4jTest - 错误信息
FATAL main java_log.Log4jTest - 致命信息
DEBUG main java_log.Log4jTest - 调试信息
INFO main java_log.Log4jTest - 输出信息
WARN main java_log.Log4jTest - 警告信息
ERROR main java_log.Log4jTest - 错误信息
FATAL main java_log.Log4jTest - 致命信息
DEBUG main java_log.Log4jTest - 调试信息
INFO main java_log.Log4jTest - 输出信息
WARN main java_log.Log4jTest - 警告信息
ERROR main java_log.Log4jTest - 错误信息
FATAL main java_log.Log4jTest - 致命信息
DEBUG main java_log.Log4jTest - 调试信息
INFO main java_log.Log4jTest - 输出信息
WARN main java_log.Log4jTest - 警告信息
ERROR main java_log.Log4jTest - 错误信息
FATAL main java_log.Log4jTest - 致命信息
DEBUG main java_log.Log4jTest - 调试信息
INFO main java_log.Log4jTest - 输出信息
WARN main java_log.Log4jTest - 警告信息
ERROR main java_log.Log4jTest - 错误信息
FATAL main java_log.Log4jTest - 致命信息
DEBUG main java_log.Log4jTest - 调试信息
INFO main java_log.Log4jTest - 输出信息
WARN main java_log.Log4jTest - 警告信息
ERROR main java_log.Log4jTest - 错误信息
FATAL main java_log.Log4jTest - 致命信息
DEBUG main java_log.Log4jTest - 调试信息
INFO main java_log.Log4jTest - 输出信息
WARN main java_log.Log4jTest - 警告信息
ERROR main java_log.Log4jTest - 错误信息
FATAL main java_log.Log4jTest - 致命信息
